<?xml version="1.0" encoding="UTF-8"?>
<!-- Generated by org.testng.reporters.JUnitReportReporter -->
<testsuite hostname="LIN-PF2WXT7B" failures="0" tests="1" name="com.runner.TestRunnerTestNG" time="39.241" errors="0" timestamp="2025-07-08T16:32:45 IST" skipped="0">
  <testcase classname="com.runner.TestRunnerTestNG" name="runScenario" time="39.241"/>
</testsuite> <!-- com.runner.TestRunnerTestNG -->
