<?xml version="1.0" encoding="UTF-8"?>
<!-- Generated by org.testng.reporters.JUnitReportReporter -->
<testsuite hostname="LIN-PF2WXT7B" failures="0" tests="1" name="com.runner.TestRunnerTestNG" time="41.293" errors="0" timestamp="2025-07-07T16:29:12 IST" skipped="0">
  <testcase classname="com.runner.TestRunnerTestNG" name="runScenario" time="41.293"/>
</testsuite> <!-- com.runner.TestRunnerTestNG -->
