<?xml version="1.0" encoding="UTF-8"?>
<!-- Generated by org.testng.reporters.JUnitReportReporter -->
<testsuite hostname="LIN-PF2WXT7B" failures="0" tests="3" name="com.runner.TestRunnerTestNG" time="109.819" errors="0" timestamp="2025-07-04T17:14:57 IST" skipped="0">
  <testcase classname="com.runner.TestRunnerTestNG" name="runScenario" time="39.526"/>
  <testcase classname="com.runner.TestRunnerTestNG" name="runScenario" time="35.514"/>
  <testcase classname="com.runner.TestRunnerTestNG" name="runScenario" time="34.779"/>
</testsuite> <!-- com.runner.TestRunnerTestNG -->
