<?xml version="1.0" encoding="UTF-8"?>
<!-- Generated by org.testng.reporters.JUnitReportReporter -->
<testsuite hostname="LIN-PG02M740" failures="0" tests="1" name="com.runner.TestRunnerTestNG" time="36.740" errors="0" timestamp="2025-07-07T22:25:23 IST" skipped="0">
  <testcase classname="com.runner.TestRunnerTestNG" name="runScenario" time="36.740"/>
</testsuite> <!-- com.runner.TestRunnerTestNG -->
