<?xml version="1.0" encoding="UTF-8"?>
<!-- Generated by org.testng.reporters.JUnitReportReporter -->
<testsuite hostname="LIN-PG02M740" failures="0" tests="1" name="com.runner.TestRunner" time="73.507" errors="0" timestamp="2025-07-08T10:37:38 IST" skipped="0">
  <testcase classname="com.runner.TestRunner" name="runScenario" time="73.507"/>
</testsuite> <!-- com.runner.TestRunner -->
