<?xml version="1.0" encoding="UTF-8"?>
<!-- Generated by org.testng.reporters.JUnitReportReporter -->
<testsuite hostname="LIN-PG02M740" failures="0" tests="1" name="com.runner.TestRunner" time="85.221" errors="0" timestamp="2025-07-10T13:06:38 IST" skipped="0">
  <testcase classname="com.runner.TestRunner" name="runScenario" time="85.221"/>
</testsuite> <!-- com.runner.TestRunner -->
