<?xml version="1.0" encoding="UTF-8"?>
<!-- Generated by org.testng.reporters.JUnitReportReporter -->
<testsuite hostname="LIN-PF2WXT7B" failures="0" tests="1" name="com.runner.TestRunnerTestNG" time="56.499" errors="0" timestamp="2025-07-09T16:59:36 IST" skipped="0">
  <testcase classname="com.runner.TestRunnerTestNG" name="runScenario" time="56.499"/>
</testsuite> <!-- com.runner.TestRunnerTestNG -->
