<?xml version="1.0" encoding="UTF-8"?>
<!-- Generated by org.testng.reporters.JUnitReportReporter -->
<testsuite hostname="LIN-PF2WXT7B" failures="0" tests="1" name="com.runner.TestRunnerTestNG" time="44.419" errors="0" timestamp="2025-07-10T20:11:30 IST" skipped="0">
  <testcase classname="com.runner.TestRunnerTestNG" name="runScenario" time="44.419"/>
</testsuite> <!-- com.runner.TestRunnerTestNG -->
